<?xml version="1.0" encoding="UTF-8"?>
<!-- Generated by org.testng.reporters.JUnitXMLReporter -->
<testsuite hostname="LAPTOP-6TA1GC3K" ignored="8" name="DemoBlaze Automation" tests="12" failures="1" timestamp="2022-05-05T21:09:33 IST" time="49.452" errors="0">
  <testcase name="registerUser" time="1.235" classname="com.demoblaze.testcases.SignUpPageTest"/>
  <testcase name="loginTest" time="5.533" classname="com.demoblaze.testcases.LoginPageTest"/>
  <testcase name="loginTest" time="5.842" classname="com.demoblaze.testcases.LoginPageTest"/>
  <testcase name="loginTest" time="4.687" classname="com.demoblaze.testcases.LoginPageTest"/>
  <testcase name="selectLappy" time="4.078" classname="com.demoblaze.testcases.ProductInfoPageTest"/>
  <testcase name="selectMonitor" time="3.52" classname="com.demoblaze.testcases.ProductInfoPageTest"/>
  <testcase name="selectPhone" time="3.801" classname="com.demoblaze.testcases.ProductInfoPageTest"/>
  <testcase name="goToCart" time="7.782" classname="com.demoblaze.testcases.CartPageTest"/>
  <testcase name="validateDeleteItem" time="10.195" classname="com.demoblaze.testcases.CartPageTest"/>
  <testcase name="valiadteTotalProductPrice" time="0.03" classname="com.demoblaze.testcases.CartPageTest"/>
  <testcase name="verifyPurchaseWithoutInfo" time="0.444" classname="com.demoblaze.testcases.PaymentInfoPageTest"/>
  <testcase name="verifyPurchaseWithInfo" time="0.272" classname="com.demoblaze.testcases.PaymentInfoPageTest">
    <failure type="java.lang.AssertionError" message="expected [Thank you for your purchase] but found [Thank you for your purchase!]">
      <![CDATA[java.lang.AssertionError: expected [Thank you for your purchase] but found [Thank you for your purchase!]
at com.demoblaze.testcases.PaymentInfoPageTest.verifyPurchaseWithInfo(PaymentInfoPageTest.java:51)
at java.util.ArrayList.forEach(ArrayList.java:1259)
... Removed 35 stack frames]]>
    </failure>
  </testcase> <!-- verifyPurchaseWithInfo -->
  <testcase name="@BeforeSuite setUp" time="0.0" classname="com.demoblaze.base.TestBase">
    <ignored/>
  </testcase> <!-- @BeforeSuite setUp -->
  <testcase name="@BeforeSuite setUp" time="0.0" classname="com.demoblaze.base.TestBase">
    <ignored/>
  </testcase> <!-- @BeforeSuite setUp -->
  <testcase name="@BeforeSuite setUp" time="0.0" classname="com.demoblaze.base.TestBase">
    <ignored/>
  </testcase> <!-- @BeforeSuite setUp -->
  <testcase name="@BeforeSuite setUp" time="0.0" classname="com.demoblaze.base.TestBase">
    <ignored/>
  </testcase> <!-- @BeforeSuite setUp -->
  <testcase name="@AfterSuite tearDown" time="0.0" classname="com.demoblaze.base.TestBase">
    <ignored/>
  </testcase> <!-- @AfterSuite tearDown -->
  <testcase name="@AfterSuite tearDown" time="0.0" classname="com.demoblaze.base.TestBase">
    <ignored/>
  </testcase> <!-- @AfterSuite tearDown -->
  <testcase name="@AfterSuite tearDown" time="0.0" classname="com.demoblaze.base.TestBase">
    <ignored/>
  </testcase> <!-- @AfterSuite tearDown -->
  <testcase name="@AfterSuite tearDown" time="0.0" classname="com.demoblaze.base.TestBase">
    <ignored/>
  </testcase> <!-- @AfterSuite tearDown -->
</testsuite> <!-- DemoBlaze Automation -->
