<html>
<head>
<title>TestNG:  DemoBlaze Automation</title>
<link href="../testng.css" rel="stylesheet" type="text/css" />
<link href="../my-testng.css" rel="stylesheet" type="text/css" />

<style type="text/css">
.log { display: none;} 
.stack-trace { display: none;} 
</style>
<script type="text/javascript">
<!--
function flip(e) {
  current = e.style.display;
  if (current == 'block') {
    e.style.display = 'none';
    return 0;
  }
  else {
    e.style.display = 'block';
    return 1;
  }
}

function toggleBox(szDivId, elem, msg1, msg2)
{
  var res = -1;  if (document.getElementById) {
    res = flip(document.getElementById(szDivId));
  }
  else if (document.all) {
    // this is the way old msie versions work
    res = flip(document.all[szDivId]);
  }
  if(elem) {
    if(res == 0) elem.innerHTML = msg1; else elem.innerHTML = msg2;
  }

}

function toggleAllBoxes() {
  if (document.getElementsByTagName) {
    d = document.getElementsByTagName('div');
    for (i = 0; i < d.length; i++) {
      if (d[i].className == 'log') {
        flip(d[i]);
      }
    }
  }
}

// -->
</script>

</head>
<body>
<h2 align='center'>DemoBlaze Automation</h2><table border='1' align="center">
<tr>
<td>Tests passed/Failed/Skipped:</td><td>11/1/0</td>
</tr><tr>
<td>Started on:</td><td>Thu May 05 21:08:43 IST 2022</td>
</tr>
<tr><td>Total time:</td><td>49 seconds (49452 ms)</td>
</tr><tr>
<td>Included groups:</td><td></td>
</tr><tr>
<td>Excluded groups:</td><td></td>
</tr>
</table><p/>
<small><i>(Hover the method name to see the test class name)</i></small><p/>
<table width='100%' border='1' class='invocation-failed'>
<tr><td colspan='4' align='center'><b>FAILED TESTS</b></td></tr>
<tr><td><b>Test method</b></td>
<td width="30%"><b>Exception</b></td>
<td width="10%"><b>Time (seconds)</b></td>
<td><b>Instance</b></td>
</tr>
<tr>
<td title='com.demoblaze.testcases.PaymentInfoPageTest.verifyPurchaseWithInfo()'><b>verifyPurchaseWithInfo</b><br>Test class: com.demoblaze.testcases.PaymentInfoPageTest</td>
<td><div><pre>java.lang.AssertionError: expected [Thank you for your purchase] but found [Thank you for your purchase!]
	at com.demoblaze.testcases.PaymentInfoPageTest.verifyPurchaseWithInfo(PaymentInfoPageTest.java:51)
	at java.util.ArrayList.forEach(ArrayList.java:1259)
... Removed 35 stack frames</pre></div><a href='#' onClick='toggleBox("stack-trace2133668271", this, "Click to show all stack frames", "Click to hide stack frames")'>Click to show all stack frames</a>
<div class='stack-trace' id='stack-trace2133668271'><pre>java.lang.AssertionError: expected [Thank you for your purchase] but found [Thank you for your purchase!]
	at org.testng.Assert.fail(Assert.java:97)
	at org.testng.Assert.assertEqualsImpl(Assert.java:136)
	at org.testng.Assert.assertEquals(Assert.java:118)
	at org.testng.Assert.assertEquals(Assert.java:575)
	at org.testng.Assert.assertEquals(Assert.java:585)
	at com.demoblaze.testcases.PaymentInfoPageTest.verifyPurchaseWithInfo(PaymentInfoPageTest.java:51)
	at sun.reflect.NativeMethodAccessorImpl.invoke0(Native Method)
	at sun.reflect.NativeMethodAccessorImpl.invoke(NativeMethodAccessorImpl.java:62)
	at sun.reflect.DelegatingMethodAccessorImpl.invoke(DelegatingMethodAccessorImpl.java:43)
	at java.lang.reflect.Method.invoke(Method.java:498)
	at org.testng.internal.MethodInvocationHelper.invokeMethod(MethodInvocationHelper.java:134)
	at org.testng.internal.TestInvoker.invokeMethod(TestInvoker.java:597)
	at org.testng.internal.TestInvoker.invokeTestMethod(TestInvoker.java:173)
	at org.testng.internal.MethodRunner.runInSequence(MethodRunner.java:46)
	at org.testng.internal.TestInvoker$MethodInvocationAgent.invoke(TestInvoker.java:816)
	at org.testng.internal.TestInvoker.invokeTestMethods(TestInvoker.java:146)
	at org.testng.internal.TestMethodWorker.invokeTestMethods(TestMethodWorker.java:146)
	at org.testng.internal.TestMethodWorker.run(TestMethodWorker.java:128)
	at java.util.ArrayList.forEach(ArrayList.java:1259)
	at org.testng.TestRunner.privateRun(TestRunner.java:766)
	at org.testng.TestRunner.run(TestRunner.java:587)
	at org.testng.SuiteRunner.runTest(SuiteRunner.java:384)
	at org.testng.SuiteRunner.runSequentially(SuiteRunner.java:378)
	at org.testng.SuiteRunner.privateRun(SuiteRunner.java:337)
	at org.testng.SuiteRunner.run(SuiteRunner.java:286)
	at org.testng.SuiteRunnerWorker.runSuite(SuiteRunnerWorker.java:53)
	at org.testng.SuiteRunnerWorker.run(SuiteRunnerWorker.java:96)
	at org.testng.TestNG.runSuitesSequentially(TestNG.java:1187)
	at org.testng.TestNG.runSuitesLocally(TestNG.java:1109)
	at org.testng.TestNG.runSuites(TestNG.java:1039)
	at org.testng.TestNG.run(TestNG.java:1007)
	at org.apache.maven.surefire.testng.TestNGExecutor.run(TestNGExecutor.java:295)
	at org.apache.maven.surefire.testng.TestNGXmlTestSuite.execute(TestNGXmlTestSuite.java:84)
	at org.apache.maven.surefire.testng.TestNGProvider.invoke(TestNGProvider.java:90)
	at org.apache.maven.surefire.booter.ForkedBooter.invokeProviderInSameClassLoader(ForkedBooter.java:203)
	at org.apache.maven.surefire.booter.ForkedBooter.runSuitesInProcess(ForkedBooter.java:155)
	at org.apache.maven.surefire.booter.ForkedBooter.main(ForkedBooter.java:103)
</pre></div></td>
<td>0</td>
<td>com.demoblaze.testcases.PaymentInfoPageTest@49fc609f</td></tr>
</table><p>
<table width='100%' border='1' class='invocation-passed'>
<tr><td colspan='4' align='center'><b>PASSED TESTS</b></td></tr>
<tr><td><b>Test method</b></td>
<td width="30%"><b>Exception</b></td>
<td width="10%"><b>Time (seconds)</b></td>
<td><b>Instance</b></td>
</tr>
<tr>
<td title='com.demoblaze.testcases.CartPageTest.goToCart()'><b>goToCart</b><br>Test class: com.demoblaze.testcases.CartPageTest</td>
<td></td>
<td>7</td>
<td>com.demoblaze.testcases.CartPageTest@3d99d22e</td></tr>
<tr>
<td title='com.demoblaze.testcases.LoginPageTest.loginTest()'><b>loginTest</b><br>Test class: com.demoblaze.testcases.LoginPageTest<br>Parameters: Vikas16, pass16, Invalid</td>
<td></td>
<td>5</td>
<td>com.demoblaze.testcases.LoginPageTest@3cef309d</td></tr>
<tr>
<td title='com.demoblaze.testcases.LoginPageTest.loginTest()'><b>loginTest</b><br>Test class: com.demoblaze.testcases.LoginPageTest<br>Parameters: Chetan26, pass26, Invalid</td>
<td></td>
<td>5</td>
<td>com.demoblaze.testcases.LoginPageTest@3cef309d</td></tr>
<tr>
<td title='com.demoblaze.testcases.LoginPageTest.loginTest()'><b>loginTest</b><br>Test class: com.demoblaze.testcases.LoginPageTest<br>Parameters: Nilesh01, pass01, Valid</td>
<td></td>
<td>4</td>
<td>com.demoblaze.testcases.LoginPageTest@3cef309d</td></tr>
<tr>
<td title='com.demoblaze.testcases.SignUpPageTest.registerUser()'><b>registerUser</b><br>Test class: com.demoblaze.testcases.SignUpPageTest</td>
<td></td>
<td>1</td>
<td>com.demoblaze.testcases.SignUpPageTest@50b494a6</td></tr>
<tr>
<td title='com.demoblaze.testcases.ProductInfoPageTest.selectLappy()'><b>selectLappy</b><br>Test class: com.demoblaze.testcases.ProductInfoPageTest</td>
<td></td>
<td>4</td>
<td>com.demoblaze.testcases.ProductInfoPageTest@32709393</td></tr>
<tr>
<td title='com.demoblaze.testcases.ProductInfoPageTest.selectMonitor()'><b>selectMonitor</b><br>Test class: com.demoblaze.testcases.ProductInfoPageTest</td>
<td></td>
<td>3</td>
<td>com.demoblaze.testcases.ProductInfoPageTest@32709393</td></tr>
<tr>
<td title='com.demoblaze.testcases.ProductInfoPageTest.selectPhone()'><b>selectPhone</b><br>Test class: com.demoblaze.testcases.ProductInfoPageTest</td>
<td></td>
<td>3</td>
<td>com.demoblaze.testcases.ProductInfoPageTest@32709393</td></tr>
<tr>
<td title='com.demoblaze.testcases.CartPageTest.valiadteTotalProductPrice()'><b>valiadteTotalProductPrice</b><br>Test class: com.demoblaze.testcases.CartPageTest</td>
<td></td>
<td>0</td>
<td>com.demoblaze.testcases.CartPageTest@3d99d22e</td></tr>
<tr>
<td title='com.demoblaze.testcases.CartPageTest.validateDeleteItem()'><b>validateDeleteItem</b><br>Test class: com.demoblaze.testcases.CartPageTest</td>
<td></td>
<td>10</td>
<td>com.demoblaze.testcases.CartPageTest@3d99d22e</td></tr>
<tr>
<td title='com.demoblaze.testcases.PaymentInfoPageTest.verifyPurchaseWithoutInfo()'><b>verifyPurchaseWithoutInfo</b><br>Test class: com.demoblaze.testcases.PaymentInfoPageTest</td>
<td></td>
<td>0</td>
<td>com.demoblaze.testcases.PaymentInfoPageTest@49fc609f</td></tr>
</table><p>
</body>
</html>