<?xml version="1.0" encoding="UTF-8"?>
<testng-results skipped="0" failed="1" ignored="8" total="20" passed="11">
  <reporter-output>
  </reporter-output>
  <suite name="DemoBalze Automation Test Suite" duration-ms="49452" started-at="2022-05-05T21:08:43 IST" finished-at="2022-05-05T21:09:33 IST">
    <groups>
      <group name="ProductInfoPageTest.addProduct">
        <method signature="ProductInfoPageTest.selectLappy()[pri:0, instance:com.demoblaze.testcases.ProductInfoPageTest@32709393]" name="selectLappy" class="com.demoblaze.testcases.ProductInfoPageTest"/>
        <method signature="ProductInfoPageTest.selectMonitor()[pri:0, instance:com.demoblaze.testcases.ProductInfoPageTest@32709393]" name="selectMonitor" class="com.demoblaze.testcases.ProductInfoPageTest"/>
        <method signature="ProductInfoPageTest.selectPhone()[pri:0, instance:com.demoblaze.testcases.ProductInfoPageTest@32709393]" name="selectPhone" class="com.demoblaze.testcases.ProductInfoPageTest"/>
      </group> <!-- ProductInfoPageTest.addProduct -->
    </groups>
    <test name="DemoBlaze Automation" duration-ms="49452" started-at="2022-05-05T21:08:43 IST" finished-at="2022-05-05T21:09:33 IST">
      <class name="com.demoblaze.testcases.LoginPageTest">
        <test-method status="PASS" signature="start()[pri:0, instance:com.demoblaze.testcases.LoginPageTest@3cef309d]" name="start" is-config="true" duration-ms="38" started-at="2022-05-05T21:08:46 IST" finished-at="2022-05-05T21:08:46 IST">
          <reporter-output>
          </reporter-output>
        </test-method> <!-- start -->
        <test-method status="PASS" signature="loginTest(java.lang.String, java.lang.String, java.lang.String)[pri:0, instance:com.demoblaze.testcases.LoginPageTest@3cef309d]" name="loginTest" duration-ms="5533" started-at="2022-05-05T21:08:46 IST" data-provider="LoginData" finished-at="2022-05-05T21:08:52 IST">
          <params>
            <param index="0">
              <value>
                <![CDATA[Vikas16]]>
              </value>
            </param>
            <param index="1">
              <value>
                <![CDATA[pass16]]>
              </value>
            </param>
            <param index="2">
              <value>
                <![CDATA[Invalid]]>
              </value>
            </param>
          </params>
          <reporter-output>
          </reporter-output>
        </test-method> <!-- loginTest -->
        <test-method status="PASS" signature="start()[pri:0, instance:com.demoblaze.testcases.LoginPageTest@3cef309d]" name="start" is-config="true" duration-ms="79" started-at="2022-05-05T21:08:52 IST" finished-at="2022-05-05T21:08:52 IST">
          <reporter-output>
          </reporter-output>
        </test-method> <!-- start -->
        <test-method status="PASS" signature="loginTest(java.lang.String, java.lang.String, java.lang.String)[pri:0, instance:com.demoblaze.testcases.LoginPageTest@3cef309d]" name="loginTest" duration-ms="5842" started-at="2022-05-05T21:08:52 IST" data-provider="LoginData" finished-at="2022-05-05T21:08:57 IST">
          <params>
            <param index="0">
              <value>
                <![CDATA[Chetan26]]>
              </value>
            </param>
            <param index="1">
              <value>
                <![CDATA[pass26]]>
              </value>
            </param>
            <param index="2">
              <value>
                <![CDATA[Invalid]]>
              </value>
            </param>
          </params>
          <reporter-output>
          </reporter-output>
        </test-method> <!-- loginTest -->
        <test-method status="PASS" signature="start()[pri:0, instance:com.demoblaze.testcases.LoginPageTest@3cef309d]" name="start" is-config="true" duration-ms="33" started-at="2022-05-05T21:08:57 IST" finished-at="2022-05-05T21:08:57 IST">
          <reporter-output>
          </reporter-output>
        </test-method> <!-- start -->
        <test-method status="PASS" signature="loginTest(java.lang.String, java.lang.String, java.lang.String)[pri:0, instance:com.demoblaze.testcases.LoginPageTest@3cef309d]" name="loginTest" duration-ms="4687" started-at="2022-05-05T21:08:57 IST" data-provider="LoginData" finished-at="2022-05-05T21:09:02 IST">
          <params>
            <param index="0">
              <value>
                <![CDATA[Nilesh01]]>
              </value>
            </param>
            <param index="1">
              <value>
                <![CDATA[pass01]]>
              </value>
            </param>
            <param index="2">
              <value>
                <![CDATA[Valid]]>
              </value>
            </param>
          </params>
          <reporter-output>
          </reporter-output>
        </test-method> <!-- loginTest -->
      </class> <!-- com.demoblaze.testcases.LoginPageTest -->
      <class name="com.demoblaze.testcases.ProductInfoPageTest">
        <test-method status="PASS" signature="set()[pri:0, instance:com.demoblaze.testcases.ProductInfoPageTest@32709393]" name="set" is-config="true" duration-ms="93" started-at="2022-05-05T21:09:02 IST" finished-at="2022-05-05T21:09:02 IST">
          <reporter-output>
          </reporter-output>
        </test-method> <!-- set -->
        <test-method status="PASS" signature="selectLappy()[pri:0, instance:com.demoblaze.testcases.ProductInfoPageTest@32709393]" name="selectLappy" duration-ms="4078" started-at="2022-05-05T21:09:02 IST" finished-at="2022-05-05T21:09:06 IST">
          <reporter-output>
          </reporter-output>
        </test-method> <!-- selectLappy -->
        <test-method status="PASS" signature="set()[pri:0, instance:com.demoblaze.testcases.ProductInfoPageTest@32709393]" name="set" is-config="true" duration-ms="144" started-at="2022-05-05T21:09:06 IST" finished-at="2022-05-05T21:09:06 IST">
          <reporter-output>
          </reporter-output>
        </test-method> <!-- set -->
        <test-method status="PASS" signature="selectMonitor()[pri:0, instance:com.demoblaze.testcases.ProductInfoPageTest@32709393]" name="selectMonitor" duration-ms="3520" started-at="2022-05-05T21:09:06 IST" finished-at="2022-05-05T21:09:10 IST">
          <reporter-output>
          </reporter-output>
        </test-method> <!-- selectMonitor -->
        <test-method status="PASS" signature="set()[pri:0, instance:com.demoblaze.testcases.ProductInfoPageTest@32709393]" name="set" is-config="true" duration-ms="319" started-at="2022-05-05T21:09:10 IST" finished-at="2022-05-05T21:09:10 IST">
          <reporter-output>
          </reporter-output>
        </test-method> <!-- set -->
        <test-method status="PASS" signature="selectPhone()[pri:0, instance:com.demoblaze.testcases.ProductInfoPageTest@32709393]" name="selectPhone" duration-ms="3801" started-at="2022-05-05T21:09:10 IST" finished-at="2022-05-05T21:09:14 IST">
          <reporter-output>
          </reporter-output>
        </test-method> <!-- selectPhone -->
      </class> <!-- com.demoblaze.testcases.ProductInfoPageTest -->
      <class name="com.demoblaze.testcases.CartPageTest">
        <test-method status="PASS" signature="set()[pri:0, instance:com.demoblaze.testcases.CartPageTest@3d99d22e]" name="set" is-config="true" duration-ms="3" started-at="2022-05-05T21:09:14 IST" finished-at="2022-05-05T21:09:14 IST">
          <reporter-output>
          </reporter-output>
        </test-method> <!-- set -->
        <test-method status="PASS" signature="goToCart()[pri:0, instance:com.demoblaze.testcases.CartPageTest@3d99d22e]" name="goToCart" duration-ms="7782" started-at="2022-05-05T21:09:14 IST" finished-at="2022-05-05T21:09:22 IST">
          <reporter-output>
          </reporter-output>
        </test-method> <!-- goToCart -->
        <test-method status="PASS" signature="set()[pri:0, instance:com.demoblaze.testcases.CartPageTest@3d99d22e]" name="set" is-config="true" duration-ms="1" started-at="2022-05-05T21:09:22 IST" finished-at="2022-05-05T21:09:22 IST">
          <reporter-output>
          </reporter-output>
        </test-method> <!-- set -->
        <test-method status="PASS" signature="validateDeleteItem()[pri:1, instance:com.demoblaze.testcases.CartPageTest@3d99d22e]" name="validateDeleteItem" duration-ms="10195" started-at="2022-05-05T21:09:22 IST" finished-at="2022-05-05T21:09:32 IST">
          <reporter-output>
          </reporter-output>
        </test-method> <!-- validateDeleteItem -->
        <test-method status="PASS" signature="set()[pri:0, instance:com.demoblaze.testcases.CartPageTest@3d99d22e]" name="set" is-config="true" duration-ms="1" started-at="2022-05-05T21:09:32 IST" finished-at="2022-05-05T21:09:32 IST">
          <reporter-output>
          </reporter-output>
        </test-method> <!-- set -->
        <test-method status="PASS" signature="valiadteTotalProductPrice()[pri:2, instance:com.demoblaze.testcases.CartPageTest@3d99d22e]" name="valiadteTotalProductPrice" duration-ms="30" started-at="2022-05-05T21:09:32 IST" finished-at="2022-05-05T21:09:32 IST">
          <reporter-output>
          </reporter-output>
        </test-method> <!-- valiadteTotalProductPrice -->
      </class> <!-- com.demoblaze.testcases.CartPageTest -->
      <class name="com.demoblaze.testcases.PaymentInfoPageTest">
        <test-method status="PASS" signature="verifyPurchaseWithoutInfo()[pri:0, instance:com.demoblaze.testcases.PaymentInfoPageTest@49fc609f]" name="verifyPurchaseWithoutInfo" duration-ms="444" started-at="2022-05-05T21:09:32 IST" finished-at="2022-05-05T21:09:33 IST">
          <reporter-output>
          </reporter-output>
        </test-method> <!-- verifyPurchaseWithoutInfo -->
        <test-method status="FAIL" signature="verifyPurchaseWithInfo()[pri:1, instance:com.demoblaze.testcases.PaymentInfoPageTest@49fc609f]" name="verifyPurchaseWithInfo" duration-ms="272" started-at="2022-05-05T21:09:33 IST" finished-at="2022-05-05T21:09:33 IST">
          <exception class="java.lang.AssertionError">
            <message>
              <![CDATA[expected [Thank you for your purchase] but found [Thank you for your purchase!]]]>
            </message>
            <full-stacktrace>
              <![CDATA[java.lang.AssertionError: expected [Thank you for your purchase] but found [Thank you for your purchase!]
at org.testng.Assert.fail(Assert.java:97)
at org.testng.Assert.assertEqualsImpl(Assert.java:136)
at org.testng.Assert.assertEquals(Assert.java:118)
at org.testng.Assert.assertEquals(Assert.java:575)
at org.testng.Assert.assertEquals(Assert.java:585)
at com.demoblaze.testcases.PaymentInfoPageTest.verifyPurchaseWithInfo(PaymentInfoPageTest.java:51)
at sun.reflect.NativeMethodAccessorImpl.invoke0(Native Method)
at sun.reflect.NativeMethodAccessorImpl.invoke(NativeMethodAccessorImpl.java:62)
at sun.reflect.DelegatingMethodAccessorImpl.invoke(DelegatingMethodAccessorImpl.java:43)
at java.lang.reflect.Method.invoke(Method.java:498)
at org.testng.internal.MethodInvocationHelper.invokeMethod(MethodInvocationHelper.java:134)
at org.testng.internal.TestInvoker.invokeMethod(TestInvoker.java:597)
at org.testng.internal.TestInvoker.invokeTestMethod(TestInvoker.java:173)
at org.testng.internal.MethodRunner.runInSequence(MethodRunner.java:46)
at org.testng.internal.TestInvoker$MethodInvocationAgent.invoke(TestInvoker.java:816)
at org.testng.internal.TestInvoker.invokeTestMethods(TestInvoker.java:146)
at org.testng.internal.TestMethodWorker.invokeTestMethods(TestMethodWorker.java:146)
at org.testng.internal.TestMethodWorker.run(TestMethodWorker.java:128)
at java.util.ArrayList.forEach(ArrayList.java:1259)
at org.testng.TestRunner.privateRun(TestRunner.java:766)
at org.testng.TestRunner.run(TestRunner.java:587)
at org.testng.SuiteRunner.runTest(SuiteRunner.java:384)
at org.testng.SuiteRunner.runSequentially(SuiteRunner.java:378)
at org.testng.SuiteRunner.privateRun(SuiteRunner.java:337)
at org.testng.SuiteRunner.run(SuiteRunner.java:286)
at org.testng.SuiteRunnerWorker.runSuite(SuiteRunnerWorker.java:53)
at org.testng.SuiteRunnerWorker.run(SuiteRunnerWorker.java:96)
at org.testng.TestNG.runSuitesSequentially(TestNG.java:1187)
at org.testng.TestNG.runSuitesLocally(TestNG.java:1109)
at org.testng.TestNG.runSuites(TestNG.java:1039)
at org.testng.TestNG.run(TestNG.java:1007)
at org.apache.maven.surefire.testng.TestNGExecutor.run(TestNGExecutor.java:295)
at org.apache.maven.surefire.testng.TestNGXmlTestSuite.execute(TestNGXmlTestSuite.java:84)
at org.apache.maven.surefire.testng.TestNGProvider.invoke(TestNGProvider.java:90)
at org.apache.maven.surefire.booter.ForkedBooter.invokeProviderInSameClassLoader(ForkedBooter.java:203)
at org.apache.maven.surefire.booter.ForkedBooter.runSuitesInProcess(ForkedBooter.java:155)
at org.apache.maven.surefire.booter.ForkedBooter.main(ForkedBooter.java:103)
]]>
            </full-stacktrace>
          </exception> <!-- java.lang.AssertionError -->
          <reporter-output>
          </reporter-output>
        </test-method> <!-- verifyPurchaseWithInfo -->
      </class> <!-- com.demoblaze.testcases.PaymentInfoPageTest -->
      <class name="com.demoblaze.testcases.SignUpPageTest">
        <test-method status="PASS" signature="setUp()[pri:0, instance:com.demoblaze.testcases.SignUpPageTest@50b494a6]" name="setUp" is-config="true" duration-ms="10737" started-at="2022-05-05T21:08:33 IST" finished-at="2022-05-05T21:08:43 IST">
          <reporter-output>
          </reporter-output>
        </test-method> <!-- setUp -->
        <test-method status="PASS" signature="set()[pri:0, instance:com.demoblaze.testcases.SignUpPageTest@50b494a6]" name="set" is-config="true" duration-ms="310" started-at="2022-05-05T21:08:44 IST" finished-at="2022-05-05T21:08:44 IST">
          <reporter-output>
          </reporter-output>
        </test-method> <!-- set -->
        <test-method status="PASS" signature="registerUser()[pri:0, instance:com.demoblaze.testcases.SignUpPageTest@50b494a6]" name="registerUser" duration-ms="1235" started-at="2022-05-05T21:08:44 IST" finished-at="2022-05-05T21:08:45 IST">
          <reporter-output>
          </reporter-output>
        </test-method> <!-- registerUser -->
        <test-method status="PASS" signature="tearDown()[pri:0, instance:com.demoblaze.testcases.SignUpPageTest@50b494a6]" name="tearDown" is-config="true" duration-ms="1671" started-at="2022-05-05T21:09:33 IST" finished-at="2022-05-05T21:09:35 IST">
          <reporter-output>
          </reporter-output>
        </test-method> <!-- tearDown -->
      </class> <!-- com.demoblaze.testcases.SignUpPageTest -->
    </test> <!-- DemoBlaze Automation -->
  </suite> <!-- DemoBalze Automation Test Suite -->
</testng-results>
